<?xml version="1.0" ?>
<testsuites failures="1" name="TestXML" tests="2" time="0.234">
	<testsuite name="CurveCalculator Tests" failures="1"  tests="1" time="0">
		<testcase name="IsPointOnLineApproxTest" time="0">
			<failure message="EXPECTED: |System.Int32| 47 is equal to |System.Int32|48 but GOT |System.Int32| 47 is not equal to |System.Int32|48"></failure></testcase>
	</testsuite>

	<testsuite name="PointsParser Tests" failures="0"  tests="2" time="0">
		<testcase name="Parse48PointsTest" time="0"></testcase>
		<testcase name="ParseWrongTextTest" time="0"></testcase>
	</testsuite>

</testsuites>