<?xml version="1.0" ?>
<testsuites failures="1" name="TestXML" tests="2" time="0.45">
	<testsuite name="CurveCalculator Tests" failures="1"  tests="2" time="0">
		<testcase name="CalculateCenterThrowsExecptionWhenPrevDirZero" time="0"></testcase>
		<testcase name="CalculateCenter" time="0"></testcase>
	</testsuite>

	<testsuite name="PointsParser Tests" failures="0"  tests="4" time="0">
		<testcase name="ParsedPointsCountIsCorrect" time="0"></testcase>
		<testcase name="SomeParsedPointsAreCorrect" time="0"></testcase>
		<testcase name="RandomTextIsNotParsed" time="0"></testcase>
		<testcase name="EmptyStringIsNotParsed" time="0"></testcase>
	</testsuite>

</testsuites>